2016-07-30 08:57:38  INFO: 进入邮件自动发送程序!
2016-07-30 08:57:44  INFO: start to send...
2016-07-30 08:57:44  INFO: the message size is: 5165
2016-07-30 08:57:46  WARN: 第 1 封邮件发送错误,Could not connect to SMTP host: smtp.qq.com, port: 465
2016-07-30 08:57:46  WARN: javax.mail.MessagingException: Could not connect to SMTP host: smtp.qq.com, port: 465;
  nested exception is:
	javax.net.ssl.SSLHandshakeException: Received fatal alert: handshake_failure
	at com.sun.mail.smtp.SMTPTransport.openServer(SMTPTransport.java:2102)
	at com.sun.mail.smtp.SMTPTransport.protocolConnect(SMTPTransport.java:699)
	at javax.mail.Service.connect(Service.java:366)
	at javax.mail.Service.connect(Service.java:246)
	at javax.mail.Service.connect(Service.java:267)
	at com.soft.guoni.Email.send(Email.kt:63)
	at com.soft.guoni.Email.postMsg(Email.kt:79)
	at com.soft.guoni.Email.postMsg$default(Email.kt:78)
	at com.soft.guoni.MyFrame$start$1.run(MyFrame.kt:133)
	at java.util.TimerThread.mainLoop(Timer.java:555)
	at java.util.TimerThread.run(Timer.java:505)
Caused by: javax.net.ssl.SSLHandshakeException: Received fatal alert: handshake_failure
	at sun.security.ssl.Alerts.getSSLException(Alerts.java:192)
	at sun.security.ssl.Alerts.getSSLException(Alerts.java:154)
	at sun.security.ssl.SSLSocketImpl.recvAlert(SSLSocketImpl.java:2023)
	at sun.security.ssl.SSLSocketImpl.readRecord(SSLSocketImpl.java:1125)
	at sun.security.ssl.SSLSocketImpl.performInitialHandshake(SSLSocketImpl.java:1375)
	at sun.security.ssl.SSLSocketImpl.startHandshake(SSLSocketImpl.java:1403)
	at sun.security.ssl.SSLSocketImpl.startHandshake(SSLSocketImpl.java:1387)
	at com.sun.mail.util.SocketFetcher.configureSSLSocket(SocketFetcher.java:598)
	at com.sun.mail.util.SocketFetcher.createSocket(SocketFetcher.java:372)
	at com.sun.mail.util.SocketFetcher.getSocket(SocketFetcher.java:217)
	at com.sun.mail.smtp.SMTPTransport.openServer(SMTPTransport.java:2066)
	... 10 more


2016-07-30 09:27:49  INFO: start to send...
2016-07-30 09:27:49  INFO: the message size is: 5685
2016-07-30 09:27:49  WARN: 第 2 封邮件发送错误,Could not connect to SMTP host: smtp.qq.com, port: 465
2016-07-30 09:27:49  WARN: javax.mail.MessagingException: Could not connect to SMTP host: smtp.qq.com, port: 465;
  nested exception is:
	javax.net.ssl.SSLHandshakeException: Received fatal alert: handshake_failure
	at com.sun.mail.smtp.SMTPTransport.openServer(SMTPTransport.java:2102)
	at com.sun.mail.smtp.SMTPTransport.protocolConnect(SMTPTransport.java:699)
	at javax.mail.Service.connect(Service.java:366)
	at javax.mail.Service.connect(Service.java:246)
	at javax.mail.Service.connect(Service.java:267)
	at com.soft.guoni.Email.send(Email.kt:63)
	at com.soft.guoni.Email.postMsg(Email.kt:79)
	at com.soft.guoni.Email.postMsg$default(Email.kt:78)
	at com.soft.guoni.MyFrame$start$1.run(MyFrame.kt:133)
	at java.util.TimerThread.mainLoop(Timer.java:555)
	at java.util.TimerThread.run(Timer.java:505)
Caused by: javax.net.ssl.SSLHandshakeException: Received fatal alert: handshake_failure
	at sun.security.ssl.Alerts.getSSLException(Alerts.java:192)
	at sun.security.ssl.Alerts.getSSLException(Alerts.java:154)
	at sun.security.ssl.SSLSocketImpl.recvAlert(SSLSocketImpl.java:2023)
	at sun.security.ssl.SSLSocketImpl.readRecord(SSLSocketImpl.java:1125)
	at sun.security.ssl.SSLSocketImpl.performInitialHandshake(SSLSocketImpl.java:1375)
	at sun.security.ssl.SSLSocketImpl.startHandshake(SSLSocketImpl.java:1403)
	at sun.security.ssl.SSLSocketImpl.startHandshake(SSLSocketImpl.java:1387)
	at com.sun.mail.util.SocketFetcher.configureSSLSocket(SocketFetcher.java:598)
	at com.sun.mail.util.SocketFetcher.createSocket(SocketFetcher.java:372)
	at com.sun.mail.util.SocketFetcher.getSocket(SocketFetcher.java:217)
	at com.sun.mail.smtp.SMTPTransport.openServer(SMTPTransport.java:2066)
	... 10 more


2016-07-30 09:57:49  INFO: start to send...
2016-07-30 09:57:49  INFO: the message size is: 6703
2016-07-30 09:57:49  WARN: 第 3 封邮件发送错误,Could not connect to SMTP host: smtp.qq.com, port: 465
2016-07-30 09:57:49  WARN: javax.mail.MessagingException: Could not connect to SMTP host: smtp.qq.com, port: 465;
  nested exception is:
	javax.net.ssl.SSLHandshakeException: Received fatal alert: handshake_failure
	at com.sun.mail.smtp.SMTPTransport.openServer(SMTPTransport.java:2102)
	at com.sun.mail.smtp.SMTPTransport.protocolConnect(SMTPTransport.java:699)
	at javax.mail.Service.connect(Service.java:366)
	at javax.mail.Service.connect(Service.java:246)
	at javax.mail.Service.connect(Service.java:267)
	at com.soft.guoni.Email.send(Email.kt:63)
	at com.soft.guoni.Email.postMsg(Email.kt:79)
	at com.soft.guoni.Email.postMsg$default(Email.kt:78)
	at com.soft.guoni.MyFrame$start$1.run(MyFrame.kt:133)
	at java.util.TimerThread.mainLoop(Timer.java:555)
	at java.util.TimerThread.run(Timer.java:505)
Caused by: javax.net.ssl.SSLHandshakeException: Received fatal alert: handshake_failure
	at sun.security.ssl.Alerts.getSSLException(Alerts.java:192)
	at sun.security.ssl.Alerts.getSSLException(Alerts.java:154)
	at sun.security.ssl.SSLSocketImpl.recvAlert(SSLSocketImpl.java:2023)
	at sun.security.ssl.SSLSocketImpl.readRecord(SSLSocketImpl.java:1125)
	at sun.security.ssl.SSLSocketImpl.performInitialHandshake(SSLSocketImpl.java:1375)
	at sun.security.ssl.SSLSocketImpl.startHandshake(SSLSocketImpl.java:1403)
	at sun.security.ssl.SSLSocketImpl.startHandshake(SSLSocketImpl.java:1387)
	at com.sun.mail.util.SocketFetcher.configureSSLSocket(SocketFetcher.java:598)
	at com.sun.mail.util.SocketFetcher.createSocket(SocketFetcher.java:372)
	at com.sun.mail.util.SocketFetcher.getSocket(SocketFetcher.java:217)
	at com.sun.mail.smtp.SMTPTransport.openServer(SMTPTransport.java:2066)
	... 10 more


2016-07-30 10:27:49  INFO: start to send...
2016-07-30 10:27:49  INFO: the message size is: 7226
2016-07-30 10:27:49  WARN: 第 4 封邮件发送错误,Could not connect to SMTP host: smtp.qq.com, port: 465
2016-07-30 10:27:49  WARN: javax.mail.MessagingException: Could not connect to SMTP host: smtp.qq.com, port: 465;
  nested exception is:
	javax.net.ssl.SSLHandshakeException: Received fatal alert: handshake_failure
	at com.sun.mail.smtp.SMTPTransport.openServer(SMTPTransport.java:2102)
	at com.sun.mail.smtp.SMTPTransport.protocolConnect(SMTPTransport.java:699)
	at javax.mail.Service.connect(Service.java:366)
	at javax.mail.Service.connect(Service.java:246)
	at javax.mail.Service.connect(Service.java:267)
	at com.soft.guoni.Email.send(Email.kt:63)
	at com.soft.guoni.Email.postMsg(Email.kt:79)
	at com.soft.guoni.Email.postMsg$default(Email.kt:78)
	at com.soft.guoni.MyFrame$start$1.run(MyFrame.kt:133)
	at java.util.TimerThread.mainLoop(Timer.java:555)
	at java.util.TimerThread.run(Timer.java:505)
Caused by: javax.net.ssl.SSLHandshakeException: Received fatal alert: handshake_failure
	at sun.security.ssl.Alerts.getSSLException(Alerts.java:192)
	at sun.security.ssl.Alerts.getSSLException(Alerts.java:154)
	at sun.security.ssl.SSLSocketImpl.recvAlert(SSLSocketImpl.java:2023)
	at sun.security.ssl.SSLSocketImpl.readRecord(SSLSocketImpl.java:1125)
	at sun.security.ssl.SSLSocketImpl.performInitialHandshake(SSLSocketImpl.java:1375)
	at sun.security.ssl.SSLSocketImpl.startHandshake(SSLSocketImpl.java:1403)
	at sun.security.ssl.SSLSocketImpl.startHandshake(SSLSocketImpl.java:1387)
	at com.sun.mail.util.SocketFetcher.configureSSLSocket(SocketFetcher.java:598)
	at com.sun.mail.util.SocketFetcher.createSocket(SocketFetcher.java:372)
	at com.sun.mail.util.SocketFetcher.getSocket(SocketFetcher.java:217)
	at com.sun.mail.smtp.SMTPTransport.openServer(SMTPTransport.java:2066)
	... 10 more


2016-07-30 10:57:49  INFO: start to send...
2016-07-30 10:57:49  INFO: the message size is: 7616
2016-07-30 10:57:49  WARN: 第 5 封邮件发送错误,Could not connect to SMTP host: smtp.qq.com, port: 465
2016-07-30 10:57:49  WARN: javax.mail.MessagingException: Could not connect to SMTP host: smtp.qq.com, port: 465;
  nested exception is:
	javax.net.ssl.SSLHandshakeException: Received fatal alert: handshake_failure
	at com.sun.mail.smtp.SMTPTransport.openServer(SMTPTransport.java:2102)
	at com.sun.mail.smtp.SMTPTransport.protocolConnect(SMTPTransport.java:699)
	at javax.mail.Service.connect(Service.java:366)
	at javax.mail.Service.connect(Service.java:246)
	at javax.mail.Service.connect(Service.java:267)
	at com.soft.guoni.Email.send(Email.kt:63)
	at com.soft.guoni.Email.postMsg(Email.kt:79)
	at com.soft.guoni.Email.postMsg$default(Email.kt:78)
	at com.soft.guoni.MyFrame$start$1.run(MyFrame.kt:133)
	at java.util.TimerThread.mainLoop(Timer.java:555)
	at java.util.TimerThread.run(Timer.java:505)
Caused by: javax.net.ssl.SSLHandshakeException: Received fatal alert: handshake_failure
	at sun.security.ssl.Alerts.getSSLException(Alerts.java:192)
	at sun.security.ssl.Alerts.getSSLException(Alerts.java:154)
	at sun.security.ssl.SSLSocketImpl.recvAlert(SSLSocketImpl.java:2023)
	at sun.security.ssl.SSLSocketImpl.readRecord(SSLSocketImpl.java:1125)
	at sun.security.ssl.SSLSocketImpl.performInitialHandshake(SSLSocketImpl.java:1375)
	at sun.security.ssl.SSLSocketImpl.startHandshake(SSLSocketImpl.java:1403)
	at sun.security.ssl.SSLSocketImpl.startHandshake(SSLSocketImpl.java:1387)
	at com.sun.mail.util.SocketFetcher.configureSSLSocket(SocketFetcher.java:598)
	at com.sun.mail.util.SocketFetcher.createSocket(SocketFetcher.java:372)
	at com.sun.mail.util.SocketFetcher.getSocket(SocketFetcher.java:217)
	at com.sun.mail.smtp.SMTPTransport.openServer(SMTPTransport.java:2066)
	... 10 more


2016-07-30 11:32:53  INFO: 进入邮件自动发送程序!
2016-07-30 11:33:01  INFO: start to send...
2016-07-30 11:33:01  INFO: the message size is: 8117
2016-07-30 11:33:01  WARN: 第 1 封邮件发送错误,535 Error: ÇëÊ¹ÓÃÊÚÈ¨ÂëµÇÂ¼¡£ÏêÇéÇë¿´: http://service.mail.qq.com/cgi-bin/help?subtype=1&&id=28&&no=1001256

2016-07-30 11:33:01  WARN: javax.mail.AuthenticationFailedException: 535 Error: ÇëÊ¹ÓÃÊÚÈ¨ÂëµÇÂ¼¡£ÏêÇéÇë¿´: http://service.mail.qq.com/cgi-bin/help?subtype=1&&id=28&&no=1001256

	at com.sun.mail.smtp.SMTPTransport$Authenticator.authenticate(SMTPTransport.java:914)
	at com.sun.mail.smtp.SMTPTransport.authenticate(SMTPTransport.java:825)
	at com.sun.mail.smtp.SMTPTransport.protocolConnect(SMTPTransport.java:730)
	at javax.mail.Service.connect(Service.java:366)
	at javax.mail.Service.connect(Service.java:246)
	at javax.mail.Service.connect(Service.java:267)
	at com.soft.guoni.Email.send(Email.kt:63)
	at com.soft.guoni.Email.postMsg(Email.kt:79)
	at com.soft.guoni.Email.postMsg$default(Email.kt:78)
	at com.soft.guoni.MyFrame$start$1.run(MyFrame.kt:133)
	at java.util.TimerThread.mainLoop(Timer.java:555)
	at java.util.TimerThread.run(Timer.java:505)


2016-07-30 11:34:30  INFO: 进入邮件自动发送程序!
2016-07-30 11:34:36  INFO: start to send...
2016-07-30 11:34:36  INFO: the message size is: 8117
2016-07-30 11:34:37  INFO: end to send is ok!
2016-07-30 11:34:37  INFO: start to delete old message...
2016-07-30 11:34:40  INFO: today's messages count: 1
2016-07-30 11:34:40  INFO: today only has one message, nothing to do! 
2016-07-30 11:34:40  INFO: end to delete old message is ok!
2016-07-30 11:34:40  INFO: *第 1 封邮件发送成功!

2016-07-30 11:35:23  INFO: 退出邮件自动发送程序!
2016-07-30 11:55:42  INFO: 进入邮件自动发送程序!
2016-07-30 11:55:48  INFO: start to send...
2016-07-30 11:55:48  INFO: the message size is: 8117
2016-07-30 11:55:49  INFO: end to send is ok!
2016-07-30 11:55:49  INFO: start to delete old message...
2016-07-30 11:55:52  INFO: today's messages count: 2
2016-07-30 11:55:52  INFO: today's old message on 2016-07-30 11:34:36 is deleted!
2016-07-30 11:55:52  INFO: today's new message on 2016-07-30 11:55:48 is changed!
2016-07-30 11:55:52  INFO: end to delete old message is ok!
2016-07-30 11:55:52  INFO: *第 1 封邮件发送成功!

2016-07-30 11:56:24  INFO: 退出邮件自动发送程序!
2016-07-30 12:06:56  INFO: 进入邮件自动发送程序!
2016-07-30 12:06:59  INFO: start to send...
2016-07-30 12:06:59  INFO: the message size is: 8117
2016-07-30 12:07:00  INFO: end to send is ok!
2016-07-30 12:07:00  INFO: *第 1 封邮件发送成功!

2016-07-30 12:07:03  INFO: start to delete old message...
2016-07-30 12:07:04  INFO: today's messages count: 2
2016-07-30 12:07:04  INFO: today's old message on 2016-07-30 11:55:48 is deleted!
2016-07-30 12:07:04  INFO: today's new message on 2016-07-30 12:06:58 is changed!
2016-07-30 12:07:05  INFO: end to delete old message is ok!
2016-07-30 12:07:22  INFO: 退出邮件自动发送程序!
